<?xml version="1.0" encoding="UTF-8"?>
<!-- Generated by org.testng.reporters.JUnitReportReporter -->
<testsuite skipped="0" hostname="Vinitas-MacBook-Air.local" name="baseClass.StreamInJava" tests="3" failures="0" timestamp="2022-07-13T00:20:57 CEST" time="0.024" errors="0">
  <testcase name="convertCollect" time="0.013" classname="baseClass.StreamInJava"/>
  <system-out/>
  <testcase name="streamMap" time="0.005" classname="baseClass.StreamInJava"/>
  <system-out/>
  <testcase name="getName" time="0.006" classname="baseClass.StreamInJava"/>
  <system-out/>
</testsuite> <!-- baseClass.StreamInJava -->
