<?xml version="1.0" encoding="UTF-8"?>
<!-- Generated by org.testng.reporters.JUnitReportReporter -->
<testsuite skipped="0" hostname="Vinitas-MacBook-Air.local" name="baseClass.Stream" tests="1" failures="0" timestamp="2022-07-12T23:37:55 CEST" time="0.012" errors="0">
  <testcase name="getName" time="0.012" classname="baseClass.Stream"/>
  <system-out/>
</testsuite> <!-- baseClass.Stream -->
