<?xml version="1.0" encoding="UTF-8"?>
<!-- Generated by org.testng.reporters.JUnitReportReporter -->
<testsuite skipped="0" hostname="Vinitas-MacBook-Air.local" name="baseClass.ExtentReportClass" tests="1" failures="0" timestamp="2022-07-14T00:30:04 CEST" time="6.797" errors="0">
  <testcase name="initialDemo" time="6.797" classname="baseClass.ExtentReportClass"/>
  <system-out/>
</testsuite> <!-- baseClass.ExtentReportClass -->
