<?xml version="1.0" encoding="UTF-8"?>
<!-- Generated by org.testng.reporters.JUnitReportReporter -->
<testsuite skipped="0" hostname="Vinitas-MacBook-Air.local" name="test.ExtentReportClass" tests="1" failures="0" timestamp="2022-07-17T12:54:42 CEST" time="8.012" errors="0">
  <testcase name="initialDemo" time="8.012" classname="test.ExtentReportClass"/>
  <system-out/>
</testsuite> <!-- test.ExtentReportClass -->
